<?xml version="1.0" encoding="UTF-8"?>
<!-- Generated by org.testng.reporters.JUnitXMLReporter -->
<testsuite ignored="2" hostname="DESKTOP-P90RJ2G" failures="0" tests="3" name="Default test" time="12.455" errors="0" timestamp="2025-08-14T23:03:28 IST">
  <testcase classname="AmazonPageTest.HomePageTest" name="VerifyTitlePage" time="4.511"/>
  <testcase classname="AmazonPageTest.HomePageTest" name="navigateToSignUpPage" time="2.09"/>
  <testcase classname="AmazonPageTest.SignUpPageTest" name="LoginToWebsite" time="3.819"/>
  <testcase classname="AmazonPageTest.BaseTest" name="@BeforeSuite initializer" time="0.0">
    <ignored/>
  </testcase> <!-- @BeforeSuite initializer -->
  <testcase classname="AmazonPageTest.BaseTest" name="@AfterSuite tearDown" time="0.0">
    <ignored/>
  </testcase> <!-- @AfterSuite tearDown -->
</testsuite> <!-- Default test -->
