<?xml version="1.0" encoding="UTF-8"?>
<!-- Generated by org.testng.reporters.JUnitXMLReporter -->
<testsuite ignored="0" hostname="DESKTOP-P90RJ2G" failures="1" tests="3" name="Test" time="0.126" errors="0" timestamp="2025-08-10T23:34:38 IST">
  <testcase classname="AmazonPageTest.TestNgListenersDemo" name="test1" time="0.021"/>
  <testcase classname="AmazonPageTest.TestNgListenersDemo" name="test2" time="0.012">
    <failure type="java.lang.AssertionError" message="expected [true] but found [false]">
      <![CDATA[java.lang.AssertionError: expected [true] but found [false]
at AmazonPageTest.TestNgListenersDemo.test2(TestNgListenersDemo.java:20)
at java.base/java.util.ArrayList.forEach(ArrayList.java:1596)
... Removed 29 stack frames]]>
    </failure>
  </testcase> <!-- test2 -->
  <testcase classname="AmazonPageTest.TestNgListenersDemo" name="test3" time="0.005">
    <skipped/>
  </testcase> <!-- test3 -->
</testsuite> <!-- Test -->
