<?xml version="1.0" encoding="UTF-8"?>
<testng-results ignored="2" total="5" passed="3" failed="0" skipped="0">
  <reporter-output>
  </reporter-output>
  <suite started-at="2025-08-14T23:03:15 IST" name="Default suite" finished-at="2025-08-14T23:03:28 IST" duration-ms="12455">
    <groups>
      <group name="SignIn">
        <method signature="HomePageTest.navigateToSignUpPage()[pri:0, instance:AmazonPageTest.HomePageTest@1189dd52]" name="navigateToSignUpPage" class="AmazonPageTest.HomePageTest"/>
      </group> <!-- SignIn -->
    </groups>
    <test started-at="2025-08-14T23:03:15 IST" name="Default test" finished-at="2025-08-14T23:03:28 IST" duration-ms="12455">
      <class name="AmazonPageTest.HomePageTest">
        <test-method is-config="true" signature="initializer()[pri:0, instance:AmazonPageTest.HomePageTest@1189dd52]" started-at="2025-08-14T23:03:12 IST" name="initializer" finished-at="2025-08-14T23:03:15 IST" duration-ms="3157" status="PASS">
          <reporter-output>
          </reporter-output>
        </test-method> <!-- initializer -->
        <test-method is-config="true" signature="initalizeElement()[pri:0, instance:AmazonPageTest.HomePageTest@1189dd52]" started-at="2025-08-14T23:03:15 IST" name="initalizeElement" finished-at="2025-08-14T23:03:15 IST" duration-ms="46" status="PASS">
          <reporter-output>
          </reporter-output>
        </test-method> <!-- initalizeElement -->
        <test-method is-config="true" signature="readLocator()[pri:0, instance:AmazonPageTest.HomePageTest@1189dd52]" started-at="2025-08-14T23:03:15 IST" name="readLocator" finished-at="2025-08-14T23:03:17 IST" duration-ms="1695" status="PASS">
          <reporter-output>
          </reporter-output>
        </test-method> <!-- readLocator -->
        <test-method signature="VerifyTitlePage()[pri:0, instance:AmazonPageTest.HomePageTest@1189dd52]" started-at="2025-08-14T23:03:17 IST" name="VerifyTitlePage" finished-at="2025-08-14T23:03:22 IST" duration-ms="4511" status="PASS">
          <reporter-output>
          </reporter-output>
        </test-method> <!-- VerifyTitlePage -->
        <test-method is-config="true" signature="readLocator()[pri:0, instance:AmazonPageTest.HomePageTest@1189dd52]" started-at="2025-08-14T23:03:22 IST" name="readLocator" finished-at="2025-08-14T23:03:22 IST" duration-ms="152" status="PASS">
          <reporter-output>
          </reporter-output>
        </test-method> <!-- readLocator -->
        <test-method signature="navigateToSignUpPage()[pri:0, instance:AmazonPageTest.HomePageTest@1189dd52]" started-at="2025-08-14T23:03:22 IST" name="navigateToSignUpPage" finished-at="2025-08-14T23:03:24 IST" duration-ms="2090" status="PASS">
          <reporter-output>
          </reporter-output>
        </test-method> <!-- navigateToSignUpPage -->
        <test-method is-config="true" signature="tearDown()[pri:0, instance:AmazonPageTest.HomePageTest@1189dd52]" started-at="2025-08-14T23:03:28 IST" name="tearDown" finished-at="2025-08-14T23:03:28 IST" duration-ms="434" status="PASS">
          <reporter-output>
          </reporter-output>
        </test-method> <!-- tearDown -->
      </class> <!-- AmazonPageTest.HomePageTest -->
      <class name="AmazonPageTest.SignUpPageTest">
        <test-method is-config="true" signature="initalizeElement()[pri:0, instance:AmazonPageTest.SignUpPageTest@3febb011]" started-at="2025-08-14T23:03:24 IST" name="initalizeElement" finished-at="2025-08-14T23:03:24 IST" duration-ms="12" status="PASS">
          <reporter-output>
          </reporter-output>
        </test-method> <!-- initalizeElement -->
        <test-method is-config="true" signature="waitToElementLoad()[pri:0, instance:AmazonPageTest.SignUpPageTest@3febb011]" started-at="2025-08-14T23:03:24 IST" name="waitToElementLoad" finished-at="2025-08-14T23:03:24 IST" duration-ms="11" status="PASS">
          <reporter-output>
          </reporter-output>
        </test-method> <!-- waitToElementLoad -->
        <test-method signature="LoginToWebsite()[pri:1, instance:AmazonPageTest.SignUpPageTest@3febb011]" started-at="2025-08-14T23:03:24 IST" name="LoginToWebsite" finished-at="2025-08-14T23:03:28 IST" depends-on-methods="AmazonPageTest.HomePageTest.navigateToSignUpPage" duration-ms="3819" status="PASS">
          <reporter-output>
          </reporter-output>
        </test-method> <!-- LoginToWebsite -->
      </class> <!-- AmazonPageTest.SignUpPageTest -->
    </test> <!-- Default test -->
  </suite> <!-- Default suite -->
</testng-results>
